  CMapToolScene.cpp
  c:\program files (x86)\microsoft directx sdk (june 2010)\include\dinput.h: DIRECTINPUT_VERSION undefined. Defaulting to version 0x0800
c:\users\zoddl\source\repos\direct3d-team-portpolio-slenderman\slenderman\slenderman\slenderman\classes\utility\object\terrainobject\cterrainobject.h(56): warning C4244: 'return': 'int'에서 'float'(으)로 변환하면서 데이터가 손실될 수 있습니다.
c:\users\zoddl\source\repos\direct3d-team-portpolio-slenderman\slenderman\slenderman\slenderman\classes\utility\object\terrainobject\cterrainobject.h(57): warning C4244: 'return': 'int'에서 'float'(으)로 변환하면서 데이터가 손실될 수 있습니다.
c:\users\zoddl\source\repos\direct3d-team-portpolio-slenderman\slenderman\slenderman\slenderman\classes\utility\object\terrainobject\cterrainobject.h(58): warning C4244: 'return': 'int'에서 'float'(으)로 변환하면서 데이터가 손실될 수 있습니다.
c:\users\zoddl\source\repos\direct3d-team-portpolio-slenderman\slenderman\slenderman\slenderman\classes\gamecomposition\gamescene\maptoolscene\cmaptoolscene.cpp(78): warning C4316: 'CSpriteObject_ListSquare': 힙에 할당된 개체가 16에 맞추어져 있지 않을 수도 있습니다
c:\users\zoddl\source\repos\direct3d-team-portpolio-slenderman\slenderman\slenderman\slenderman\classes\gamecomposition\gamescene\maptoolscene\cmaptoolscene.cpp(83): warning C4316: 'CSpriteObject_Button': 힙에 할당된 개체가 16에 맞추어져 있지 않을 수도 있습니다
c:\users\zoddl\source\repos\direct3d-team-portpolio-slenderman\slenderman\slenderman\slenderman\classes\gamecomposition\gamescene\maptoolscene\cmaptoolscene.cpp(89): warning C4316: 'CSpriteObject_Button': 힙에 할당된 개체가 16에 맞추어져 있지 않을 수도 있습니다
c:\users\zoddl\source\repos\direct3d-team-portpolio-slenderman\slenderman\slenderman\slenderman\classes\gamecomposition\gamescene\maptoolscene\cmaptoolscene.cpp(102): warning C4316: 'CSpriteObject_Container': 힙에 할당된 개체가 16에 맞추어져 있지 않을 수도 있습니다
c:\users\zoddl\source\repos\direct3d-team-portpolio-slenderman\slenderman\slenderman\slenderman\classes\gamecomposition\gamescene\maptoolscene\cmaptoolscene.cpp(103): warning C4244: '인수': 'LONG'에서 'FLOAT'(으)로 변환하면서 데이터가 손실될 수 있습니다.
c:\users\zoddl\source\repos\direct3d-team-portpolio-slenderman\slenderman\slenderman\slenderman\classes\gamecomposition\gamescene\maptoolscene\cmaptoolscene.cpp(107): warning C4316: 'CSpriteObject_Button': 힙에 할당된 개체가 16에 맞추어져 있지 않을 수도 있습니다
c:\users\zoddl\source\repos\direct3d-team-portpolio-slenderman\slenderman\slenderman\slenderman\classes\gamecomposition\gamescene\maptoolscene\cmaptoolscene.cpp(110): warning C4316: 'CSpriteObject_Button': 힙에 할당된 개체가 16에 맞추어져 있지 않을 수도 있습니다
c:\users\zoddl\source\repos\direct3d-team-portpolio-slenderman\slenderman\slenderman\slenderman\classes\gamecomposition\gamescene\maptoolscene\cmaptoolscene.cpp(115): warning C4316: 'CSpriteObject_ScrollBar': 힙에 할당된 개체가 16에 맞추어져 있지 않을 수도 있습니다
c:\users\zoddl\source\repos\direct3d-team-portpolio-slenderman\slenderman\slenderman\slenderman\classes\gamecomposition\gamescene\maptoolscene\cmaptoolscene.cpp(120): warning C4316: 'CSpriteObject_Button': 힙에 할당된 개체가 16에 맞추어져 있지 않을 수도 있습니다
c:\users\zoddl\source\repos\direct3d-team-portpolio-slenderman\slenderman\slenderman\slenderman\classes\gamecomposition\gamescene\maptoolscene\cmaptoolscene.cpp(131): warning C4316: 'CSpriteObject_List': 힙에 할당된 개체가 16에 맞추어져 있지 않을 수도 있습니다
c:\users\zoddl\source\repos\direct3d-team-portpolio-slenderman\slenderman\slenderman\slenderman\classes\gamecomposition\gamescene\maptoolscene\cmaptoolscene.cpp(136): warning C4316: 'CSpriteObject_Button': 힙에 할당된 개체가 16에 맞추어져 있지 않을 수도 있습니다
c:\users\zoddl\source\repos\direct3d-team-portpolio-slenderman\slenderman\slenderman\slenderman\classes\gamecomposition\gamescene\maptoolscene\cmaptoolscene.cpp(145): warning C4316: 'CSpriteObject_Button': 힙에 할당된 개체가 16에 맞추어져 있지 않을 수도 있습니다
c:\users\zoddl\source\repos\direct3d-team-portpolio-slenderman\slenderman\slenderman\slenderman\classes\gamecomposition\gamescene\maptoolscene\cmaptoolscene.cpp(149): warning C4316: 'CSpriteObject_Button': 힙에 할당된 개체가 16에 맞추어져 있지 않을 수도 있습니다
c:\users\zoddl\source\repos\direct3d-team-portpolio-slenderman\slenderman\slenderman\slenderman\classes\gamecomposition\gamescene\maptoolscene\cmaptoolscene.cpp(153): warning C4316: 'CSpriteObject_Button': 힙에 할당된 개체가 16에 맞추어져 있지 않을 수도 있습니다
c:\users\zoddl\source\repos\direct3d-team-portpolio-slenderman\slenderman\slenderman\slenderman\classes\gamecomposition\gamescene\maptoolscene\cmaptoolscene.cpp(157): warning C4316: 'CSpriteObject_Button': 힙에 할당된 개체가 16에 맞추어져 있지 않을 수도 있습니다
c:\users\zoddl\source\repos\direct3d-team-portpolio-slenderman\slenderman\slenderman\slenderman\classes\gamecomposition\gamescene\maptoolscene\cmaptoolscene.cpp(93): warning C4996: 'sprintf': This function or variable may be unsafe. Consider using sprintf_s instead. To disable deprecation, use _CRT_SECURE_NO_WARNINGS. See online help for details.
  c:\program files (x86)\windows kits\10\include\10.0.10240.0\ucrt\stdio.h(1769): note: 'sprintf' 선언을 참조하십시오.
c:\users\zoddl\source\repos\direct3d-team-portpolio-slenderman\slenderman\slenderman\slenderman\classes\gamecomposition\gamescene\maptoolscene\cmaptoolscene.cpp(164): warning C4996: 'sprintf': This function or variable may be unsafe. Consider using sprintf_s instead. To disable deprecation, use _CRT_SECURE_NO_WARNINGS. See online help for details.
  c:\program files (x86)\windows kits\10\include\10.0.10240.0\ucrt\stdio.h(1769): note: 'sprintf' 선언을 참조하십시오.
c:\users\zoddl\source\repos\direct3d-team-portpolio-slenderman\slenderman\slenderman\slenderman\classes\gamecomposition\gamescene\maptoolscene\cmaptoolscene.cpp(177): warning C4316: 'CSpriteObject_Button': 힙에 할당된 개체가 16에 맞추어져 있지 않을 수도 있습니다
c:\users\zoddl\source\repos\direct3d-team-portpolio-slenderman\slenderman\slenderman\slenderman\classes\gamecomposition\gamescene\maptoolscene\cmaptoolscene.cpp(178): warning C4244: '인수': 'LONG'에서 'FLOAT'(으)로 변환하면서 데이터가 손실될 수 있습니다.
c:\users\zoddl\source\repos\direct3d-team-portpolio-slenderman\slenderman\slenderman\slenderman\classes\gamecomposition\gamescene\maptoolscene\cmaptoolscene.cpp(192): warning C4316: 'CSpriteObject_Button': 힙에 할당된 개체가 16에 맞추어져 있지 않을 수도 있습니다
c:\users\zoddl\source\repos\direct3d-team-portpolio-slenderman\slenderman\slenderman\slenderman\classes\gamecomposition\gamescene\maptoolscene\cmaptoolscene.cpp(196): warning C4316: 'CSpriteObject_Button': 힙에 할당된 개체가 16에 맞추어져 있지 않을 수도 있습니다
c:\users\zoddl\source\repos\direct3d-team-portpolio-slenderman\slenderman\slenderman\slenderman\classes\gamecomposition\gamescene\maptoolscene\cmaptoolscene.cpp(200): warning C4316: 'CSpriteObject_Button': 힙에 할당된 개체가 16에 맞추어져 있지 않을 수도 있습니다
c:\users\zoddl\source\repos\direct3d-team-portpolio-slenderman\slenderman\slenderman\slenderman\classes\gamecomposition\gamescene\maptoolscene\cmaptoolscene.cpp(204): warning C4316: 'CSpriteObject_Button': 힙에 할당된 개체가 16에 맞추어져 있지 않을 수도 있습니다
c:\users\zoddl\source\repos\direct3d-team-portpolio-slenderman\slenderman\slenderman\slenderman\classes\gamecomposition\gamescene\maptoolscene\cmaptoolscene.cpp(247): warning C4316: 'CSpriteObject_Button': 힙에 할당된 개체가 16에 맞추어져 있지 않을 수도 있습니다
c:\users\zoddl\source\repos\direct3d-team-portpolio-slenderman\slenderman\slenderman\slenderman\classes\gamecomposition\gamescene\maptoolscene\cmaptoolscene.cpp(256): warning C4316: 'CSpriteObject_Button': 힙에 할당된 개체가 16에 맞추어져 있지 않을 수도 있습니다
c:\users\zoddl\source\repos\direct3d-team-portpolio-slenderman\slenderman\slenderman\slenderman\classes\gamecomposition\gamescene\maptoolscene\cmaptoolscene.cpp(257): warning C4244: '인수': 'LONG'에서 'FLOAT'(으)로 변환하면서 데이터가 손실될 수 있습니다.
c:\users\zoddl\source\repos\direct3d-team-portpolio-slenderman\slenderman\slenderman\slenderman\classes\gamecomposition\gamescene\maptoolscene\cmaptoolscene.cpp(260): warning C4316: 'CSpriteObject_Button': 힙에 할당된 개체가 16에 맞추어져 있지 않을 수도 있습니다
c:\users\zoddl\source\repos\direct3d-team-portpolio-slenderman\slenderman\slenderman\slenderman\classes\gamecomposition\gamescene\maptoolscene\cmaptoolscene.cpp(261): warning C4244: '인수': 'LONG'에서 'FLOAT'(으)로 변환하면서 데이터가 손실될 수 있습니다.
c:\users\zoddl\source\repos\direct3d-team-portpolio-slenderman\slenderman\slenderman\slenderman\classes\gamecomposition\gamescene\maptoolscene\cmaptoolscene.cpp(267): warning C4316: 'CCameraObject': 힙에 할당된 개체가 16에 맞추어져 있지 않을 수도 있습니다
c:\users\zoddl\source\repos\direct3d-team-portpolio-slenderman\slenderman\slenderman\slenderman\classes\gamecomposition\gamescene\maptoolscene\cmaptoolscene.cpp(295): warning C4996: 'sprintf': This function or variable may be unsafe. Consider using sprintf_s instead. To disable deprecation, use _CRT_SECURE_NO_WARNINGS. See online help for details.
  c:\program files (x86)\windows kits\10\include\10.0.10240.0\ucrt\stdio.h(1769): note: 'sprintf' 선언을 참조하십시오.
c:\users\zoddl\source\repos\direct3d-team-portpolio-slenderman\slenderman\slenderman\slenderman\classes\gamecomposition\gamescene\maptoolscene\cmaptoolscene.cpp(331): warning C4244: '초기화 중': 'LONG'에서 'float'(으)로 변환하면서 데이터가 손실될 수 있습니다.
c:\users\zoddl\source\repos\direct3d-team-portpolio-slenderman\slenderman\slenderman\slenderman\classes\gamecomposition\gamescene\maptoolscene\cmaptoolscene.cpp(332): warning C4244: '초기화 중': 'LONG'에서 'float'(으)로 변환하면서 데이터가 손실될 수 있습니다.
c:\users\zoddl\source\repos\direct3d-team-portpolio-slenderman\slenderman\slenderman\slenderman\classes\gamecomposition\gamescene\maptoolscene\cmaptoolscene.cpp(420): warning C4060: switch문에 'case' 또는 'default' 레이블이 없습니다.
  코드를 생성하고 있습니다...
  컴파일하고 있습니다...
  CSceneManager.cpp
  c:\program files (x86)\microsoft directx sdk (june 2010)\include\dinput.h: DIRECTINPUT_VERSION undefined. Defaulting to version 0x0800
  MapToolSceneLoader.cpp
  c:\program files (x86)\microsoft directx sdk (june 2010)\include\dinput.h: DIRECTINPUT_VERSION undefined. Defaulting to version 0x0800
  코드를 생성하고 있습니다...
  SlenderMan.vcxproj -> C:\Users\zoddl\Source\Repos\Direct3D-Team-Portpolio-SlenderMan\SlenderMan\SlenderMan\Debug\SlenderMan.exe
  SlenderMan.vcxproj -> C:\Users\zoddl\Source\Repos\Direct3D-Team-Portpolio-SlenderMan\SlenderMan\SlenderMan\Debug\SlenderMan.pdb (Full PDB)
